[INFO   ] Logger: Record log in /storage/emulated/0/Projects/kivyapp2.0/.kivy/logs/kivy_25-04-02_32.txt
[INFO   ] Kivy: v2.2.1
[INFO   ] Kivy: Installed at "/data/user/0/ru.iiec.pydroid3/files/aarch64-linux-android/lib/python3.11/site-packages/kivy/__init__.py"
[INFO   ] Python: v3.11.4 (main, Sep 30 2023, 10:54:38) [GCC 11.4.0]
[INFO   ] Python: Interpreter at "/data/user/0/ru.iiec.pydroid3/files/aarch64-linux-android/bin/python3"
[INFO   ] Logger: Purge log fired. Processing...
[INFO   ] Logger: Purge finished!
[INFO   ] Factory: 190 symbols loaded
[INFO   ] KivyMD: 1.2.0, git-Unknown, 2025-03-29 (installed at "/data/user/0/ru.iiec.pydroid3/files/aarch64-linux-android/lib/python3.11/site-packages/kivymd/__init__.py")
[WARNING] KivyMD: Version 1.2.0 is deprecated and is no longer supported. Use KivyMD version 2.0.0 from the master branch (pip install https://github.com/kivymd/KivyMD/archive/master.zip)
[INFO   ] Image: Providers: img_tex, img_dds, img_sdl2, img_pil (img_ffpyplayer ignored)
[INFO   ] Text: Provider: sdl2
[INFO   ] Window: Provider: sdl2
[INFO   ] GL: Using the "OpenGL ES 2" graphics system
[INFO   ] GL: Backend used <sdl2>
[INFO   ] GL: OpenGL version <b'OpenGL ES 3.2 v1.r32p1-01eac0.efd03ef21f136842c0935bd4f493fe81'>
[INFO   ] GL: OpenGL vendor <b'ARM'>
[INFO   ] GL: OpenGL renderer <b'Mali-G77 MC9'>
[INFO   ] GL: OpenGL parsed version: 3, 2
[INFO   ] GL: Texture max size <16383>
[INFO   ] GL: Texture max units <16>
[INFO   ] Window: auto add sdl2 input provider
[INFO   ] Window: virtual keyboard not allowed, single mode, not docked
[INFO   ] Clipboard: Provider: android
[INFO   ] GL: NPOT texture support is available
[WARNING] stderr: Traceback (most recent call last):
[WARNING] stderr:   File "/data/user/0/ru.iiec.pydroid3/files/aarch64-linux-android/lib/python3.11/site-packages/kivy/lang/builder.py", line 704, in _apply_rule
[WARNING] stderr:     setattr(widget_set, key, value)
[WARNING] stderr:   File "kivy/weakproxy.pyx", line 35, in kivy.weakproxy.WeakProxy.__setattr__
[WARNING] stderr:   File "kivy/properties.pyx", line 520, in kivy.properties.Property.__set__
[WARNING] stderr:   File "kivy/properties.pyx", line 567, in kivy.properties.Property.set
[WARNING] stderr:   File "kivy/properties.pyx", line 606, in kivy.properties.Property._dispatch
[WARNING] stderr:   File "kivy/_event.pyx", line 1307, in kivy._event.EventObservers.dispatch
[WARNING] stderr:   File "kivy/_event.pyx", line 1213, in kivy._event.EventObservers._dispatch
[WARNING] stderr:   File "/data/user/0/ru.iiec.pydroid3/files/aarch64-linux-android/lib/python3.11/site-packages/kivymd/uix/label/label.py", line 724, in update_font_style
[WARNING] stderr:     if self.check_font_styles() is True:
[WARNING] stderr:        ^^^^^^^^^^^^^^^^^^^^^^^^
[WARNING] stderr:   File "/data/user/0/ru.iiec.pydroid3/files/aarch64-linux-android/lib/python3.11/site-packages/kivymd/uix/label/label.py", line 716, in check_font_styles
[WARNING] stderr:     raise ValueError(
[WARNING] stderr: ValueError: MDLabel.font_style is set to an invalid option 'Hint'.Must be one of: ['H1', 'H2', 'H3', 'H4', 'H5', 'H6', 'Subtitle1', 'Subtitle2', 'Body1', 'Body2', 'Button', 'Caption', 'Overline', 'Icon']
[WARNING] stderr: 
[WARNING] stderr: During handling of the above exception, another exception occurred:
[WARNING] stderr: 
[WARNING] stderr: Traceback (most recent call last):
[WARNING] stderr:   File "/storage/emulated/0/Projects/kivyapp2.0/main.py", line 20, in <module>
[WARNING] stderr:     MainApp().run()
[WARNING] stderr:   File "/data/user/0/ru.iiec.pydroid3/files/aarch64-linux-android/lib/python3.11/site-packages/kivy/app.py", line 955, in run
[WARNING] stderr:     self._run_prepare()
[WARNING] stderr:   File "/data/user/0/ru.iiec.pydroid3/files/aarch64-linux-android/lib/python3.11/site-packages/kivy/app.py", line 925, in _run_prepare
[WARNING] stderr:     root = self.build()
[WARNING] stderr:            ^^^^^^^^^^^^
[WARNING] stderr:   File "/storage/emulated/0/Projects/kivyapp2.0/main.py", line 14, in build
[WARNING] stderr:     sm.add_widget(DashboardScreen(name="dashboard"))
[WARNING] stderr:                   ^^^^^^^^^^^^^^^^^^^^^^^^^^^^^^^^^
[WARNING] stderr:   File "/storage/emulated/0/Projects/kivyapp2.0/screens.py", line 57, in __init__
[WARNING] stderr:     super().__init__(**kwargs)
[WARNING] stderr:   File "/data/user/0/ru.iiec.pydroid3/files/aarch64-linux-android/lib/python3.11/site-packages/kivymd/uix/behaviors/declarative_behavior.py", line 311, in __init__
[WARNING] stderr:     super().__init__(**kwargs)
[WARNING] stderr:   File "/data/user/0/ru.iiec.pydroid3/files/aarch64-linux-android/lib/python3.11/site-packages/kivymd/theming.py", line 1670, in __init__
[WARNING] stderr:     super().__init__(**kwargs)
[WARNING] stderr:   File "/data/user/0/ru.iiec.pydroid3/files/aarch64-linux-android/lib/python3.11/site-packages/kivy/uix/relativelayout.py", line 274, in __init__
[WARNING] stderr:     super(RelativeLayout, self).__init__(**kw)
[WARNING] stderr:   File "/data/user/0/ru.iiec.pydroid3/files/aarch64-linux-android/lib/python3.11/site-packages/kivy/uix/floatlayout.py", line 65, in __init__
[WARNING] stderr:     super(FloatLayout, self).__init__(**kwargs)
[WARNING] stderr:   File "/data/user/0/ru.iiec.pydroid3/files/aarch64-linux-android/lib/python3.11/site-packages/kivy/uix/layout.py", line 76, in __init__
[WARNING] stderr:     super(Layout, self).__init__(**kwargs)
[WARNING] stderr:   File "/data/user/0/ru.iiec.pydroid3/files/aarch64-linux-android/lib/python3.11/site-packages/kivy/uix/widget.py", line 366, in __init__
[WARNING] stderr:     self.apply_class_lang_rules(
[WARNING] stderr:   File "/data/user/0/ru.iiec.pydroid3/files/aarch64-linux-android/lib/python3.11/site-packages/kivy/uix/widget.py", line 470, in apply_class_lang_rules
[WARNING] stderr:     Builder.apply(
[WARNING] stderr:   File "/data/user/0/ru.iiec.pydroid3/files/aarch64-linux-android/lib/python3.11/site-packages/kivy/lang/builder.py", line 540, in apply
[WARNING] stderr:     self._apply_rule(
[WARNING] stderr:   File "/data/user/0/ru.iiec.pydroid3/files/aarch64-linux-android/lib/python3.11/site-packages/kivy/lang/builder.py", line 709, in _apply_rule
[WARNING] stderr:     raise BuilderException(rule.ctx, rule.line,
[WARNING] stderr: kivy.lang.builder.BuilderException: Parser: File "/storage/emulated/0/Projects/kivyapp2.0/dashboard.kv", line 63:
[WARNING] stderr: ...
[WARNING] stderr:      61:                            MDLabel:
[WARNING] stderr:      62:                                text: "HYDROPONICS"
[WARNING] stderr: >>   63:                                font_style: "Hint"
[WARNING] stderr:      64:                                halign: "center"    
[WARNING] stderr:      65:                                valign: "center"
[WARNING] stderr: ...
[WARNING] stderr: ValueError: MDLabel.font_style is set to an invalid option 'Hint'.Must be one of: ['H1', 'H2', 'H3', 'H4', 'H5', 'H6', 'Subtitle1', 'Subtitle2', 'Body1', 'Body2', 'Button', 'Caption', 'Overline', 'Icon']
[WARNING] stderr:   File "/data/user/0/ru.iiec.pydroid3/files/aarch64-linux-android/lib/python3.11/site-packages/kivy/lang/builder.py", line 704, in _apply_rule
[WARNING] stderr:     setattr(widget_set, key, value)
[WARNING] stderr:   File "kivy/weakproxy.pyx", line 35, in kivy.weakproxy.WeakProxy.__setattr__
[WARNING] stderr:   File "kivy/properties.pyx", line 520, in kivy.properties.Property.__set__
[WARNING] stderr:   File "kivy/properties.pyx", line 567, in kivy.properties.Property.set
[WARNING] stderr:   File "kivy/properties.pyx", line 606, in kivy.properties.Property._dispatch
[WARNING] stderr:   File "kivy/_event.pyx", line 1307, in kivy._event.EventObservers.dispatch
[WARNING] stderr:   File "kivy/_event.pyx", line 1213, in kivy._event.EventObservers._dispatch
[WARNING] stderr:   File "/data/user/0/ru.iiec.pydroid3/files/aarch64-linux-android/lib/python3.11/site-packages/kivymd/uix/label/label.py", line 724, in update_font_style
[WARNING] stderr:     if self.check_font_styles() is True:
[WARNING] stderr:        ^^^^^^^^^^^^^^^^^^^^^^^^
[WARNING] stderr:   File "/data/user/0/ru.iiec.pydroid3/files/aarch64-linux-android/lib/python3.11/site-packages/kivymd/uix/label/label.py", line 716, in check_font_styles
[WARNING] stderr:     raise ValueError(
[WARNING] stderr: 
